<?xml version="1.0" encoding="UTF-8"?>
<!-- Generated by org.testng.reporters.JUnitReportReporter -->
<testsuite hostname="DESKTOP-NAKH6V0" failures="0" tests="4" name="Demo.TestRestAssured" time="4.789" errors="0" timestamp="2022-01-18T00:00:51 CET" skipped="0">
  <testcase classname="Demo.TestRestAssured" name="Get_test" time="4.174"/>
  <system-out/>
  <testcase classname="Demo.TestRestAssured" name="Post_test" time="0.279"/>
  <system-out/>
  <testcase classname="Demo.TestRestAssured" name="Put_test" time="0.180"/>
  <system-out/>
  <testcase classname="Demo.TestRestAssured" name="Delete_test" time="0.156"/>
  <system-out/>
</testsuite> <!-- Demo.TestRestAssured -->
